

times in msec
 clock   self+sourced   self:  sourced script
 clock   elapsed:              other lines

000.032  000.032: --- NVIM STARTING ---
000.127  000.095: event init
000.256  000.129: early init
021.602  021.346: locale set
021.683  000.082: init first window
022.302  000.619: inits 1
022.448  000.146: window checked
022.474  000.026: parsing arguments
023.728  000.330  000.330: require('vim.shared')
024.408  000.259  000.259: require('vim._meta')
024.444  000.689  000.430: require('vim._editor')
024.464  001.193  000.173: require('vim._init_packages')
024.495  000.829: init lua interpreter
024.926  000.430: expanding arguments
024.970  000.045: inits 2
025.614  000.644: init highlight
025.619  000.005: waiting for UI
025.903  000.284: done waiting for UI
025.920  000.017: clear screen
026.217  000.297: init default mappings & autocommands
027.900  000.111  000.111: sourcing C:\Program Files\Neovim\share\nvim\runtime\ftplugin.vim
028.275  000.059  000.059: sourcing C:\Program Files\Neovim\share\nvim\runtime\indent.vim
030.947  000.140  000.140: require('vim.keymap')
031.012  002.012  001.872: require('defaults')
031.300  000.283  000.283: require('lazy')
031.354  000.018  000.018: require('ffi')
031.648  000.288  000.288: require('vim.loader')
032.019  000.202  000.202: require('vim.fs')
032.420  000.620  000.419: require('lazy.stats')
032.988  000.284  000.284: require('lazy.core.util')
033.244  000.246  000.246: require('lazy.core.config')
033.762  000.273  000.273: require('lazy.core.handler')
034.059  000.289  000.289: require('lazy.core.plugin')
034.091  000.840  000.278: require('lazy.core.loader')
034.987  000.185  000.185: require('plugins.autopairs')
035.251  000.246  000.246: require('plugins.barbar')
035.476  000.201  000.201: require('plugins.colorizer')
035.686  000.194  000.194: require('plugins.colorscheme')
035.958  000.240  000.240: require('plugins.indent-blankline')
036.164  000.191  000.191: require('plugins.lsp-zero')
036.377  000.172  000.172: require('plugins.lualine')
036.623  000.227  000.227: require('plugins.neo-tree')
036.834  000.187  000.187: require('plugins.notifications')
037.130  000.244  000.244: require('plugins.startup')
037.455  000.300  000.300: require('plugins.telescope')
037.994  000.289  000.289: require('plugins.terminal')
038.271  000.260  000.260: require('plugins.treesitter')
038.573  000.282  000.282: require('plugins.which-key')
039.264  000.356  000.356: require('lazy.core.handler.cmd')
039.565  000.288  000.288: require('lazy.core.handler.event')
039.793  000.218  000.218: require('lazy.core.handler.ft')
040.036  000.234  000.234: require('lazy.core.handler.keys')
041.815  001.272  001.272: sourcing C:\Program Files\Neovim\share\nvim\runtime/filetype.lua
042.406  000.078  000.078: sourcing C:/Users/Kusha/AppData/Local/nvim-data/lazy/nightfox/plugin/nightfox.vim
044.536  000.214  000.214: require('nightfox.lib.collect')
044.830  000.285  000.285: require('nightfox.util')
044.914  000.895  000.397: require('nightfox.config')
044.931  002.168  001.273: require('nightfox')
045.228  000.292  000.292: require('nightfox.override')
045.839  000.348  000.348: require('nightfox.lib.hash')
047.797  001.506  001.506: require('onedark')
049.669  001.418  001.418: require('gruvbox')
050.322  000.096  000.096: sourcing C:/Users/Kusha/AppData/Local/nvim-data/lazy/nvim-colorizer.lua/plugin/colorizer.vim
052.036  000.244  000.244: require('colorizer/nvim')
052.397  000.352  000.352: require('colorizer/trie')
052.596  002.213  001.617: require('colorizer')
055.404  000.095  000.095: sourcing C:/Users/Kusha/AppData/Local/nvim-data/lazy/plenary.nvim/plugin/plenary.vim
058.879  000.450  000.450: sourcing C:/Users/Kusha/AppData/Local/nvim-data/lazy/telescope.nvim/plugin/telescope.lua
061.667  000.486  000.486: require('telescope._extensions')
061.677  002.718  002.232: require('telescope')
062.032  000.351  000.351: require('telescope.themes')
063.084  000.448  000.448: require('cmdline.state')
063.359  000.253  000.253: require('cmdline.utils')
063.368  000.962  000.261: require('cmdline')
064.133  000.306  000.306: require('cmdline.config')
065.727  000.225  000.225: require('plenary.bit')
065.933  000.198  000.198: require('plenary.functional')
065.952  000.663  000.240: require('plenary.path')
065.958  000.852  000.189: require('plenary.strings')
066.292  000.330  000.330: require('telescope.deprecated')
067.398  000.029  000.029: require('vim.F')
067.433  000.439  000.410: require('plenary.log')
067.517  000.829  000.390: require('telescope.log')
068.100  000.226  000.226: require('plenary.job')
068.464  000.356  000.356: require('telescope.state')
068.478  000.954  000.372: require('telescope.utils')
068.487  002.188  000.404: require('telescope.sorters')
068.694  000.196  000.196: require('vim.inspect')
070.486  005.710  002.145: require('telescope.config')
071.008  000.229  000.229: require('plenary.window.border')
071.295  000.279  000.279: require('plenary.window')
071.503  000.201  000.201: require('plenary.popup.utils')
071.513  001.019  000.311: require('plenary.popup')
071.943  000.425  000.425: require('telescope.pickers.scroller')
072.332  000.382  000.382: require('telescope.actions.state')
072.677  000.338  000.338: require('telescope.actions.utils')
073.384  000.359  000.359: require('telescope.actions.mt')
073.413  000.726  000.367: require('telescope.actions.set')
074.100  000.344  000.344: require('telescope.config.resolve')
074.110  000.693  000.348: require('telescope.pickers.entry_display')
074.473  000.359  000.359: require('telescope.from_entry')
074.721  010.579  000.926: require('telescope.actions')
074.728  011.248  000.363: require('cmdline.actions')
076.858  000.263  000.263: require('plenary.tbl')
076.872  000.582  000.319: require('plenary.vararg.rotate')
076.876  000.906  000.324: require('plenary.vararg')
077.080  000.201  000.201: require('plenary.errors')
077.090  001.391  000.284: require('plenary.async.async')
077.857  000.179  000.179: require('plenary.async.structs')
077.868  000.372  000.194: require('plenary.async.control')
077.876  000.562  000.190: require('plenary.async.util')
077.880  000.776  000.214: require('plenary.async.tests')
077.884  002.676  000.509: require('plenary.async')
078.314  000.424  000.424: require('telescope.debounce')
078.711  000.388  000.388: require('telescope.mappings')
079.046  000.326  000.326: require('telescope.pickers.highlights')
079.394  000.341  000.341: require('telescope.pickers.window')
079.999  000.303  000.303: require('telescope.algos.linked_list')
080.008  000.606  000.303: require('telescope.entry_manager')
080.332  000.319  000.319: require('telescope.pickers.multi')
080.352  005.620  000.538: require('telescope.pickers')
081.058  000.405  000.405: require('telescope.make_entry')
081.403  000.337  000.337: require('telescope.finders.async_static_finder')
082.160  000.170  000.170: require('plenary.class')
082.190  000.487  000.317: require('telescope._')
082.195  000.784  000.297: require('telescope.finders.async_oneshot_finder')
082.508  000.310  000.310: require('telescope.finders.async_job_finder')
082.519  002.163  000.327: require('telescope.finders')
082.527  020.418  000.425: require('telescope._extensions.cmdline')
084.334  000.439  000.439: require('telescope.builtin')
088.115  000.239  000.239: require('ibl.utils')
088.130  000.480  000.241: require('ibl.config')
088.330  000.196  000.196: require('ibl.indent')
088.341  003.653  002.977: require('ibl.hooks')
089.028  000.428  000.428: require('ibl.highlights')
089.257  000.220  000.220: require('ibl.autocmds')
089.450  000.186  000.186: require('ibl.inlay_hints')
089.642  000.186  000.186: require('ibl.virt_text')
090.119  000.282  000.282: require('ibl.scope_languages')
090.127  000.478  000.196: require('ibl.scope')
090.136  001.781  000.284: require('ibl')
091.204  000.359  000.359: require('vim.lsp.log')
091.678  000.467  000.467: require('vim.lsp.protocol')
092.448  000.408  000.408: require('vim.lsp._snippet')
092.663  000.207  000.207: require('vim.highlight')
092.689  001.002  000.387: require('vim.lsp.util')
092.708  002.116  000.288: require('vim.lsp.handlers')
093.094  000.332  000.332: require('vim.lsp.rpc')
093.317  000.214  000.214: require('vim.lsp.sync')
093.606  000.283  000.283: require('vim.lsp.semantic_tokens')
093.936  000.322  000.322: require('vim.lsp.buf')
094.169  000.225  000.225: require('vim.lsp.diagnostic')
094.564  000.388  000.388: require('vim.lsp.codelens')
094.624  004.360  000.481: require('vim.lsp')
097.398  002.066  002.066: require('lazyvim')
098.264  000.520  000.520: require('lazyvim.util')
098.304  000.894  000.374: require('lazyvim.config')
106.085  000.377  000.377: require('onedark')
108.215  000.199  000.199: require('onedark.palette')
108.244  000.459  000.261: require('onedark.colors')
108.435  000.182  000.182: require('onedark.util')
108.578  001.477  000.836: require('onedark.highlights')
112.902  000.304  000.304: require('onedark.terminal')
112.949  007.825  005.666: sourcing C:\Users\Kusha\AppData\Local\nvim-data\lazy\onedark\colors\onedark.lua
115.674  000.071  000.071: sourcing C:/Users/Kusha/AppData/Local/nvim-data/lazy/nvim-web-devicons/plugin/nvim-web-devicons.vim
117.940  000.057  000.057: sourcing C:/Users/Kusha/AppData/Local/nvim-data/lazy/neo-tree.nvim/plugin/neo-tree.vim
121.174  000.269  000.269: require('neo-tree.log')
121.383  000.201  000.201: require('neo-tree.utils.filesize.filesize')
121.408  000.766  000.296: require('neo-tree.utils')
121.413  003.240  002.473: require('neo-tree')
121.941  000.255  000.255: require('neo-tree.defaults')
122.190  000.240  000.240: require('neo-tree.setup.mapping-helper')
122.790  000.185  000.185: require('neo-tree.collections')
122.799  000.381  000.195: require('neo-tree.events.queue')
122.804  000.607  000.226: require('neo-tree.events')
123.209  000.186  000.186: require('neo-tree.sources.filesystem.lib.globtopattern')
123.219  000.410  000.224: require('neo-tree.sources.common.file-nesting')
123.429  000.206  000.206: require('neo-tree.ui.highlights')
124.495  000.199  000.199: require('nui.object')
125.102  000.184  000.184: require('vim.version')
127.205  002.507  002.323: require('nui.utils')
127.238  002.735  000.228: require('nui.text')
127.289  003.195  000.261: require('nui.line')
127.794  000.191  000.191: require('nui.tree.util')
127.811  000.516  000.325: require('nui.tree')
128.246  000.192  000.192: require('nui.utils.buf_storage')
128.483  000.229  000.229: require('nui.utils.autocmd')
128.685  000.194  000.194: require('nui.utils.keymap')
129.072  000.191  000.191: require('nui.layout.utils')
129.083  000.391  000.200: require('nui.split.utils')
129.097  001.282  000.276: require('nui.split')
129.646  000.315  000.315: require('nui.popup.border')
129.667  000.565  000.251: require('nui.popup')
129.890  000.218  000.218: require('neo-tree.ui.popups')
130.088  000.190  000.190: require('neo-tree.ui.windows')
130.123  006.264  000.297: require('neo-tree.ui.renderer')
130.358  000.230  000.230: require('neo-tree.sources.filesystem.lib.filter_external')
130.578  000.212  000.212: require('neo-tree.sources.common.file-items')
131.408  000.191  000.191: require('neo-tree.git.utils')
131.417  000.410  000.219: require('neo-tree.git.status')
131.625  000.205  000.205: require('neo-tree.git.ignored')
131.635  000.840  000.224: require('neo-tree.git')
131.640  001.055  000.215: require('neo-tree.sources.filesystem.lib.fs_watch')
131.653  008.006  000.245: require('neo-tree.sources.filesystem.lib.fs_scan')
132.141  000.268  000.268: require('nui.input')
132.150  000.492  000.225: require('neo-tree.ui.inputs')
132.167  008.731  000.233: require('neo-tree.sources.manager')
132.801  000.200  000.200: require('neo-tree.command.parser')
133.003  000.193  000.193: require('neo-tree.command.completion')
133.011  000.634  000.240: require('neo-tree.command')
133.018  000.845  000.212: require('neo-tree.setup.netrw')
133.025  011.606  000.312: require('neo-tree.setup')
133.756  000.249  000.249: require('neo-tree.setup.deprecations')
136.190  000.323  000.323: require('neo-tree.sources.filesystem')
136.708  000.228  000.228: require('neo-tree.sources.buffers.lib.items')
136.740  000.531  000.304: require('neo-tree.sources.buffers')
137.209  000.217  000.217: require('neo-tree.sources.git_status.lib.items')
137.219  000.471  000.254: require('neo-tree.sources.git_status')
138.136  000.264  000.264: require('neo-tree.sources.common.container')
138.152  000.570  000.307: require('neo-tree.sources.common.components')
138.375  001.010  000.440: require('neo-tree.sources.filesystem.components')
140.200  000.921  000.921: require('plenary.scandir')
140.410  000.201  000.201: require('plenary')
140.422  001.457  000.336: require('neo-tree.sources.filesystem.lib.fs_actions')
140.641  000.212  000.212: require('neo-tree.sources.common.help')
140.912  000.263  000.263: require('neo-tree.sources.common.preview')
141.142  000.221  000.221: require('neo-tree.sources.common.node_expander')
141.170  002.532  000.378: require('neo-tree.sources.common.commands')
141.430  000.255  000.255: require('neo-tree.sources.filesystem.lib.filter')
141.511  003.127  000.341: require('neo-tree.sources.filesystem.commands')
142.008  000.233  000.233: require('neo-tree.sources.buffers.components')
142.483  000.466  000.466: require('neo-tree.sources.buffers.commands')
142.962  000.238  000.238: require('neo-tree.sources.git_status.components')
143.206  000.235  000.235: require('neo-tree.sources.git_status.commands')
149.703  000.614  000.614: require('startup.log')
150.124  000.399  000.399: require('startup.themes.dashboard')
150.845  000.702  000.702: require('startup.utils')
150.993  005.245  003.531: require('startup')
151.285  000.282  000.282: require('startup.themes.empty')
154.549  000.195  000.195: require('toggleterm.lazy')
154.756  000.196  000.196: require('toggleterm.constants')
155.143  000.378  000.378: require('toggleterm.terminal')
155.155  003.494  002.726: require('toggleterm')
155.552  000.193  000.193: require('toggleterm.colors')
155.750  000.191  000.191: require('toggleterm.utils')
155.764  000.604  000.221: require('toggleterm.config')
157.509  000.262  000.262: require('toggleterm.commandline')
164.540  000.177  000.177: require('vim.treesitter.language')
164.555  000.403  000.226: require('vim.treesitter.query')
164.734  000.174  000.174: require('vim.treesitter._range')
164.745  000.797  000.220: require('vim.treesitter.languagetree')
164.754  001.002  000.205: require('vim.treesitter')
165.079  001.667  000.665: require('nvim-treesitter.parsers')
165.331  000.245  000.245: require('nvim-treesitter.utils')
165.341  002.224  000.313: require('nvim-treesitter.ts_utils')
165.938  000.181  000.181: require('nvim-treesitter.compat')
166.134  000.188  000.188: require('nvim-treesitter.tsrange')
166.323  000.182  000.182: require('nvim-treesitter.caching')
166.336  000.776  000.224: require('nvim-treesitter.query')
166.349  001.003  000.227: require('nvim-treesitter.configs')
166.535  000.182  000.182: require('nvim-ts-autotag._log')
166.727  000.185  000.185: require('nvim-ts-autotag.utils')
166.744  003.848  000.255: require('nvim-ts-autotag.internal')
166.748  006.322  002.474: require('nvim-ts-autotag')
167.397  000.189  000.189: require('nvim-treesitter.info')
167.619  000.215  000.215: require('nvim-treesitter.shell_command_selectors')
167.645  000.655  000.251: require('nvim-treesitter.install')
167.846  000.196  000.196: require('nvim-treesitter.statusline')
168.039  000.186  000.186: require('nvim-treesitter.query_predicates')
168.047  001.294  000.257: require('nvim-treesitter')
168.060  007.671  000.054: sourcing C:/Users/Kusha/AppData/Local/nvim-data/lazy/nvim-ts-autotag/plugin/nvim-ts-autotag.vim
169.177  000.723  000.723: sourcing C:/Users/Kusha/AppData/Local/nvim-data/lazy/nvim-treesitter/plugin/nvim-treesitter.lua
169.721  000.212  000.212: require('nvim-treesitter.indent')
169.961  000.205  000.205: require('nvim-treesitter.highlight')
173.491  000.171  000.171: require('notify.util.queue')
173.500  000.384  000.213: require('notify.util')
173.782  000.278  000.278: require('notify.config.highlights')
173.852  000.956  000.293: require('notify.config')
174.343  000.213  000.213: require('notify.stages')
174.572  000.204  000.204: require('notify.service.notification')
175.204  000.176  000.176: require('notify.animate.spring')
175.212  000.395  000.219: require('notify.animate')
175.218  000.637  000.243: require('notify.windows')
175.840  000.208  000.208: require('notify.service.buffer.highlights')
175.850  000.425  000.217: require('notify.service.buffer')
175.855  000.633  000.208: require('notify.service')
176.061  000.203  000.203: require('notify.stages.util')
176.068  002.211  000.321: require('notify.instance')
176.074  005.864  002.697: require('notify')
176.374  000.189  000.189: require('notify.stages.slide')
177.363  000.367  000.367: require('telescope.previewers.previewer')
191.902  014.531  014.531: require('telescope.previewers.term_previewer')
193.068  000.192  000.192: require('plenary.context_manager')
193.079  000.616  000.424: require('telescope.previewers.utils')
195.481  002.397  002.397: require('plenary.filetype')
209.482  017.571  014.558: require('telescope.previewers.buffer_previewer')
209.495  032.910  000.442: require('telescope.previewers')
209.507  033.114  000.204: require('telescope._extensions.notify')
215.776  000.196  000.196: require('barbar.animate')
216.384  000.204  000.204: require('barbar.utils.table')
216.580  000.175  000.175: require('barbar.utils')
216.933  000.345  000.345: require('vim.diagnostic')
216.946  000.971  000.248: require('barbar.config')
217.132  000.182  000.182: require('barbar.utils.list')
217.722  000.173  000.173: require('barbar.fs')
217.738  000.389  000.216: require('barbar.buffer')
217.758  000.619  000.230: require('barbar.state')
217.767  001.982  000.210: require('barbar.bbye')
217.954  000.182  000.182: require('barbar.jump_mode')
218.603  000.223  000.223: require('barbar.utils.highlight')
220.229  001.278  001.278: require('nvim-web-devicons.icons-default')
220.446  001.835  000.557: require('nvim-web-devicons')
220.454  002.289  000.232: require('barbar.icons')
220.460  002.499  000.210: require('barbar.ui.layout')
220.986  000.236  000.236: require('barbar.ui.nodes')
221.016  000.551  000.315: require('barbar.ui.render')
221.034  005.666  000.256: require('barbar.api')
222.363  001.099  001.099: require('barbar.highlight')
222.380  001.341  000.243: require('barbar.events')
222.386  009.770  002.762: require('barbar')
226.109  013.668  003.898: sourcing C:/Users/Kusha/AppData/Local/nvim-data/lazy/barbar.nvim/plugin/barbar.lua
231.765  000.257  000.257: require('fidget.spinner.patterns')
231.776  000.475  000.218: require('fidget.spinner')
231.999  000.217  000.217: require('fidget.options')
232.011  000.937  000.246: require('fidget.progress.display')
232.466  000.226  000.226: require('fidget.logger')
232.476  000.461  000.235: require('fidget.progress.lsp')
233.383  000.230  000.230: require('fidget.poll')
233.395  000.474  000.245: require('fidget.notification.model')
233.666  000.267  000.267: require('fidget.notification.window')
233.911  000.237  000.237: require('fidget.notification.view')
233.974  001.286  000.308: require('fidget.notification')
233.982  001.501  000.215: require('fidget.progress.handle')
234.001  003.140  000.240: require('fidget.progress')
234.322  000.316  000.316: require('fidget.commands')
234.770  000.234  000.234: require('fidget.integration.nvim-tree')
234.781  000.449  000.214: require('fidget.integration')
234.792  006.816  002.912: require('fidget')
246.140  000.416  000.416: sourcing C:/Users/Kusha/AppData/Local/nvim-data/lazy/nvim-lspconfig/plugin/lspconfig.lua
271.744  004.599  004.599: require('cmp.utils.api')
272.539  000.361  000.361: require('cmp.types.cmp')
273.483  000.525  000.525: require('cmp.utils.misc')
273.523  000.972  000.448: require('cmp.types.lsp')
273.834  000.306  000.306: require('cmp.types.vim')
273.842  002.084  000.444: require('cmp.types')
274.271  000.409  000.409: require('cmp.utils.highlight')
274.966  000.336  000.336: require('cmp.utils.debug')
274.982  000.704  000.367: require('cmp.utils.autocmd')
275.596  008.814  001.018: sourcing C:/Users/Kusha/AppData/Local/nvim-data/lazy/nvim-cmp/plugin/cmp.lua
282.736  002.147  002.147: require('vim.filetype')
289.130  000.181  000.181: require('luasnip.util.types')
289.143  000.389  000.208: require('luasnip.util.ext_opts')
289.760  000.180  000.180: require('luasnip.util.lazy_table')
289.983  000.215  000.215: require('luasnip.extras.filetype_functions')
290.002  000.647  000.252: require('luasnip.default_config')
290.007  000.860  000.213: require('luasnip.session')
290.012  006.915  005.666: require('luasnip.config')
290.449  000.203  000.203: require('luasnip.util.util')
290.849  000.183  000.183: require('luasnip.nodes.key_indexer')
290.861  000.405  000.221: require('luasnip.nodes.util')
291.276  000.179  000.179: require('luasnip.session.snippet_collection.source')
291.466  000.170  000.170: require('luasnip.util.table')
291.656  000.183  000.183: require('luasnip.util.auto_table')
291.668  000.802  000.270: require('luasnip.session.snippet_collection')
292.233  000.179  000.179: require('luasnip.util.select')
292.433  000.193  000.193: require('luasnip.util.time')
292.858  001.003  000.631: require('luasnip.util._builtin_vars')
293.043  001.371  000.368: require('luasnip.util.environ')
293.255  000.205  000.205: require('luasnip.util.extend_decorator')
293.774  000.292  000.292: require('luasnip.util.path')
294.335  000.363  000.363: require('luasnip.util.log')
294.345  000.564  000.201: require('luasnip.loaders.util')
294.534  000.184  000.184: require('luasnip.loaders.data')
294.774  000.233  000.233: require('luasnip.loaders.fs_watchers')
294.783  001.520  000.246: require('luasnip.loaders')
294.822  004.800  000.295: require('luasnip')
294.858  014.580  000.718: sourcing C:/Users/Kusha/AppData/Local/nvim-data/lazy/LuaSnip/plugin/luasnip.lua
295.205  000.057  000.057: sourcing C:/Users/Kusha/AppData/Local/nvim-data/lazy/LuaSnip/plugin/luasnip.vim
296.012  000.261  000.261: require('lsp-zero.setup')
296.024  000.433  000.173: sourcing C:/Users/Kusha/AppData/Local/nvim-data/lazy/lsp-zero.nvim/plugin/lsp-zero.lua
296.515  000.189  000.189: require('lsp-zero.cmp')
297.329  000.195  000.195: require('cmp.utils.char')
297.343  000.406  000.211: require('cmp.utils.str')
297.911  000.175  000.175: require('cmp.utils.buffer')
297.921  000.373  000.198: require('cmp.utils.keymap')
297.927  000.576  000.203: require('cmp.utils.feedkeys')
298.473  000.179  000.179: require('cmp.config.mapping')
298.650  000.170  000.170: require('cmp.utils.cache')
299.040  000.201  000.201: require('cmp.config.compare')
299.048  000.387  000.186: require('cmp.config.default')
299.061  000.946  000.210: require('cmp.config')
299.089  001.158  000.212: require('cmp.utils.async')
299.443  000.172  000.172: require('cmp.utils.pattern')
299.452  000.358  000.186: require('cmp.context')
300.025  000.174  000.174: require('cmp.matcher')
300.035  000.394  000.220: require('cmp.entry')
300.043  000.587  000.193: require('cmp.source')
300.399  000.169  000.169: require('cmp.utils.event')
301.073  000.310  000.310: require('cmp.utils.options')
301.084  000.501  000.191: require('cmp.utils.window')
301.091  000.684  000.183: require('cmp.view.docs_view')
301.349  000.241  000.241: require('cmp.view.custom_entries_view')
301.566  000.210  000.210: require('cmp.view.wildmenu_entries_view')
301.769  000.196  000.196: require('cmp.view.native_entries_view')
301.992  000.216  000.216: require('cmp.view.ghost_text_view')
302.007  001.961  000.245: require('cmp.view')
302.485  005.755  000.709: require('cmp.core')
302.781  000.203  000.203: require('cmp.config.sources')
302.970  000.180  000.180: require('cmp.config.window')
303.036  006.510  000.372: require('cmp')
304.227  000.223  000.223: require('lsp-zero.api')
304.238  008.149  001.228: require('lsp-zero')
304.454  000.211  000.211: require('lsp-zero.server')
304.956  000.290  000.290: require('lspconfig.util')
305.172  000.208  000.208: require('lspconfig.async')
305.180  000.719  000.221: require('lspconfig.configs')
305.563  000.187  000.187: require('cmp_nvim_lsp.source')
305.572  000.386  000.198: require('cmp_nvim_lsp')
305.860  000.216  000.216: require('lspconfig')
306.121  000.226  000.226: require('lspconfig.server_configurations.lua_ls')
320.738  000.234  000.234: require('lspconfig.manager')
320.974  000.224  000.224: require('lspconfig.server_configurations.tsserver')
335.355  000.249  000.249: require('lspconfig.server_configurations.jdtls')
349.656  000.190  000.190: require('mason-core.path')
350.146  000.246  000.246: require('mason-core.functional')
350.560  000.177  000.177: require('mason-core.functional.data')
350.570  000.371  000.195: require('mason-core.functional.function')
350.789  000.178  000.178: require('mason-core.functional.relation')
351.005  000.205  000.205: require('mason-core.functional.logic')
351.020  001.355  000.354: require('mason-core.platform')
351.214  000.190  000.190: require('mason.settings')
351.221  001.971  000.236: require('mason')
351.732  000.200  000.200: require('mason-core.functional.list')
351.955  000.214  000.214: require('mason-core.functional.string')
352.002  000.679  000.266: require('mason.api.command')
352.228  000.215  000.215: require('mason-registry.sources')
352.686  000.245  000.245: require('mason-core.log')
352.898  000.205  000.205: require('mason-lspconfig.settings')
352.910  000.668  000.219: require('mason-lspconfig')
353.327  000.185  000.185: require('mason-lspconfig.notify')
353.337  000.403  000.217: require('mason-lspconfig.lspconfig_hook')
353.762  000.187  000.187: require('mason-core.functional.table')
353.815  000.474  000.288: require('mason-lspconfig.mappings.server')
354.244  000.187  000.187: require('mason-core.EventEmitter')
354.438  000.186  000.186: require('mason-core.optional')
354.852  000.224  000.224: require('mason-core.async')
355.084  000.225  000.225: require('mason-core.async.uv')
355.110  000.666  000.217: require('mason-core.fs')
355.143  001.322  000.283: require('mason-registry')
355.346  000.197  000.197: require('mason-lspconfig.server_config_extensions')
355.558  000.205  000.205: require('lspconfig.server_configurations.omnisharp')
355.816  000.195  000.195: require('mason-lspconfig.ensure_installed')
356.253  000.191  000.191: require('mason-core.result')
356.989  000.328  000.328: require('mason-core.process')
372.780  015.783  015.783: require('mason-core.spawn')
372.791  016.343  000.232: require('mason-core.managers.powershell')
373.005  000.209  000.209: require('mason.version')
373.013  016.753  000.200: require('mason-core.fetch')
373.241  000.223  000.223: require('mason-core.providers')
373.991  000.257  000.257: require('mason-core.purl')
374.006  000.548  000.291: require('mason-core.package')
374.698  000.200  000.200: require('mason-core.installer.registry.expr')
374.714  000.462  000.262: require('mason-core.installer.registry.link')
375.795  000.197  000.197: require('mason-core.receipt')
375.853  000.496  000.299: require('mason-core.installer.context')
376.077  000.218  000.218: require('mason-core.async.control')
376.286  000.202  000.202: require('mason-core.installer.linker')
376.296  001.171  000.255: require('mason-core.installer')
376.315  001.401  000.230: require('mason-core.installer.managers.std')
376.320  001.601  000.200: require('mason-core.installer.registry.schemas')
376.547  000.224  000.224: require('mason-core.installer.registry.util')
376.561  002.550  000.264: require('mason-core.installer.registry')
376.565  003.318  000.220: require('mason-registry.sources.util')
376.578  020.748  000.263: require('mason-registry.sources.github')
381.943  000.201  000.201: require('mason-core.functional.number')
381.988  000.477  000.277: require('mason-lspconfig.api.command')
384.828  000.213  000.213: require('lspconfig.server_configurations.html')
386.151  000.213  000.213: require('lspconfig.server_configurations.cssls')
387.462  000.238  000.238: require('lspconfig.server_configurations.eslint')
388.793  000.285  000.285: require('lspconfig.server_configurations.rust_analyzer')
390.361  000.250  000.250: require('lspconfig.server_configurations.tailwindcss')
391.693  000.235  000.235: require('lspconfig.server_configurations.gopls')
394.388  000.202  000.202: require('luasnip.session.enqueueable_operations')
394.793  000.397  000.397: require('luasnip.util.jsonc')
396.056  000.230  000.230: require('luasnip.util.events')
396.076  000.538  000.308: require('luasnip.nodes.node')
396.359  000.278  000.278: require('luasnip.nodes.insertNode')
396.726  000.359  000.359: require('luasnip.nodes.textNode')
396.982  000.245  000.245: require('luasnip.util.mark')
397.200  000.210  000.210: require('luasnip.util.pattern_tokenizer')
397.401  000.195  000.195: require('luasnip.util.dict')
398.529  000.878  000.878: require('luasnip.util.jsregexp')
398.541  001.131  000.253: require('luasnip.nodes.util.trig_engines')
398.617  003.406  000.450: require('luasnip.nodes.snippet')
398.626  003.614  000.208: require('luasnip.nodes.duplicate')
398.634  003.831  000.217: require('luasnip.loaders.snippet_cache')
398.645  004.745  000.316: require('luasnip.loaders.from_vscode')
419.125  000.230  000.230: require('luasnip.util.parser.neovim_ast')
419.348  000.209  000.209: require('luasnip.util.str')
420.226  000.866  000.866: require('luasnip.util.jsregexp')
420.499  000.266  000.266: require('luasnip.util.directed_graph')
420.511  001.851  000.280: require('luasnip.util.parser.ast_utils')
420.771  000.255  000.255: require('luasnip.nodes.functionNode')
421.105  000.327  000.327: require('luasnip.nodes.choiceNode')
421.390  000.277  000.277: require('luasnip.nodes.dynamicNode')
421.652  000.255  000.255: require('luasnip.util.functions')
421.667  003.282  000.317: require('luasnip.util.parser.ast_parser')
422.062  000.390  000.390: require('luasnip.util.parser.neovim_parser')
422.074  003.939  000.268: require('luasnip.util.parser')
422.083  004.213  000.274: require('luasnip.nodes.snippetProxy')
422.320  000.232  000.232: require('luasnip.nodes.multiSnippet')
425.206  000.467  000.467: require('lsp-zero.cmp-mapping')
432.745  000.305  000.305: require('lualine_require')
433.531  006.562  006.257: require('lualine')
438.308  000.237  000.237: require('lualine.utils.mode')
451.719  000.234  000.234: sourcing C:\Program Files\Neovim\share\nvim\runtime/plugin/editorconfig.lua
452.369  000.365  000.365: sourcing C:\Program Files\Neovim\share\nvim\runtime/plugin/gzip.vim
452.668  000.035  000.035: sourcing C:\Program Files\Neovim\share\nvim\runtime/plugin/health.vim
453.197  000.268  000.268: sourcing C:\Program Files\Neovim\share\nvim\runtime/plugin/man.lua
458.651  000.411  000.411: sourcing C:\Program Files\Neovim\share\nvim\runtime\pack\dist\opt\matchit\plugin\matchit.vim
458.999  005.541  005.130: sourcing C:\Program Files\Neovim\share\nvim\runtime/plugin/matchit.vim
459.509  000.251  000.251: sourcing C:\Program Files\Neovim\share\nvim\runtime/plugin/matchparen.vim
460.559  000.777  000.777: sourcing C:\Program Files\Neovim\share\nvim\runtime/plugin/netrwPlugin.vim
461.097  000.222  000.222: sourcing C:\Program Files\Neovim\share\nvim\runtime/plugin/nvim.lua
461.945  000.557  000.557: sourcing C:\Program Files\Neovim\share\nvim\runtime/plugin/rplugin.vim
462.420  000.136  000.136: sourcing C:\Program Files\Neovim\share\nvim\runtime/plugin/shada.vim
462.763  000.048  000.048: sourcing C:\Program Files\Neovim\share\nvim\runtime/plugin/spellfile.vim
463.260  000.189  000.189: sourcing C:\Program Files\Neovim\share\nvim\runtime/plugin/tarPlugin.vim
463.771  000.155  000.155: sourcing C:\Program Files\Neovim\share\nvim\runtime/plugin/tohtml.vim
464.158  000.051  000.051: sourcing C:\Program Files\Neovim\share\nvim\runtime/plugin/tutor.vim
464.648  000.220  000.220: sourcing C:\Program Files\Neovim\share\nvim\runtime/plugin/zipPlugin.vim
466.177  000.388  000.388: require('cmp_nvim_lua')
466.239  000.705  000.317: sourcing C:\Users\Kusha\AppData\Local\nvim-data\lazy\cmp-nvim-lua\after/plugin/cmp_nvim_lua.lua
466.893  000.256  000.256: sourcing C:\Users\Kusha\AppData\Local\nvim-data\lazy\cmp-nvim-lsp\after/plugin/cmp_nvim_lsp.lua
468.966  000.423  000.423: require('cmp_buffer.timer')
468.986  000.813  000.390: require('cmp_buffer.buffer')
469.017  001.167  000.354: require('cmp_buffer.source')
469.023  001.442  000.276: require('cmp_buffer')
469.076  001.763  000.321: sourcing C:\Users\Kusha\AppData\Local\nvim-data\lazy\cmp-buffer\after/plugin/cmp_buffer.lua
470.233  000.488  000.488: require('cmp_path')
470.293  000.791  000.303: sourcing C:\Users\Kusha\AppData\Local\nvim-data\lazy\cmp-path\after/plugin/cmp_path.lua
471.493  000.467  000.467: require('cmp_luasnip')
471.591  000.849  000.382: sourcing C:\Users\Kusha\AppData\Local\nvim-data\lazy\cmp_luasnip\after/plugin/cmp_luasnip.lua
472.400  000.391  000.391: sourcing C:\Users\Kusha\AppData\Local\nvim-data\lazy\indent-blankline.nvim\after/plugin/commands.lua
472.507  443.775  186.053: sourcing C:\Users\Kusha\AppData\Local\nvim\init.lua
472.570  002.408: sourcing vimrc file(s)
478.357  000.270  000.270: sourcing C:\Program Files\Neovim\share\nvim\runtime\filetype.lua
480.363  000.127  000.127: sourcing C:\Program Files\Neovim\share\nvim\runtime\syntax\synload.vim
480.666  001.662  001.535: sourcing C:\Program Files\Neovim\share\nvim\runtime\syntax\syntax.vim
480.708  006.206: inits 3
484.965  004.258: reading ShaDa
487.023  000.897  000.897: require('luasnip.loaders.from_lua')
487.744  000.709  000.709: require('luasnip.loaders.from_snipmate')
487.987  001.416: opening buffers
489.239  001.252: BufEnter autocommands
489.247  000.008: editing files in windows
509.193  000.457  000.457: require('startup.headers')
509.614  000.210  000.210: require('startup.quotes')
509.623  000.417  000.207: require('startup.functions')
512.596  022.476: VimEnter autocommands
512.694  000.098: UIEnter autocommands
514.349  001.655: before starting main loop
515.723  001.374: first screen update
515.730  000.007: --- NVIM STARTED ---


times in msec
 clock   self+sourced   self:  sourced script
 clock   elapsed:              other lines

000.025  000.025: --- NVIM STARTING ---
000.118  000.093: event init
000.301  000.183: early init
021.219  020.918: locale set
021.350  000.131: init first window
022.217  000.867: inits 1
022.492  000.275: window checked
022.505  000.013: parsing arguments
023.758  000.313  000.313: require('vim.shared')
024.477  000.274  000.274: require('vim._meta')
024.485  000.718  000.443: require('vim._editor')
024.489  001.160  000.129: require('vim._init_packages')
024.504  000.839: init lua interpreter
027.855  003.351: expanding arguments
027.912  000.057: inits 2
028.561  000.649: init highlight


times in msec
 clock   self+sourced   self:  sourced script
 clock   elapsed:              other lines

000.024  000.024: --- NVIM STARTING ---
000.099  000.074: event init
000.213  000.115: early init
023.070  022.857: locale set
023.148  000.077: init first window
023.688  000.540: inits 1
023.820  000.132: window checked
023.831  000.011: parsing arguments
025.020  000.311  000.311: require('vim.shared')
025.733  000.297  000.297: require('vim._meta')
025.739  000.710  000.413: require('vim._editor')
025.744  001.151  000.129: require('vim._init_packages')
025.761  000.779: init lua interpreter
026.142  000.381: expanding arguments
026.186  000.045: inits 2
026.909  000.723: init highlight
026.916  000.007: waiting for UI
027.108  000.192: done waiting for UI
027.119  000.010: clear screen
027.400  000.281: init default mappings & autocommands
029.297  000.194  000.194: sourcing C:\Program Files\Neovim\share\nvim\runtime\ftplugin.vim
029.710  000.066  000.066: sourcing C:\Program Files\Neovim\share\nvim\runtime\indent.vim
032.388  000.072  000.072: require('vim.keymap')
032.425  001.837  001.765: require('defaults')
032.665  000.234  000.234: require('lazy')
032.717  000.017  000.017: require('ffi')
032.992  000.270  000.270: require('vim.loader')
033.306  000.179  000.179: require('vim.fs')
033.665  000.554  000.375: require('lazy.stats')
034.218  000.224  000.224: require('lazy.core.util')
034.598  000.372  000.372: require('lazy.core.config')
035.050  000.231  000.231: require('lazy.core.handler')
035.330  000.273  000.273: require('lazy.core.plugin')
035.365  000.760  000.256: require('lazy.core.loader')
036.218  000.228  000.228: require('plugins.autopairs')
036.446  000.209  000.209: require('plugins.barbar')
036.617  000.149  000.149: require('plugins.colorizer')
036.793  000.162  000.162: require('plugins.colorscheme')
036.968  000.153  000.153: require('plugins.indent-blankline')
037.134  000.153  000.153: require('plugins.lsp-zero')
037.364  000.165  000.165: require('plugins.lualine')
037.531  000.149  000.149: require('plugins.neo-tree')
037.735  000.182  000.182: require('plugins.notifications')
037.967  000.214  000.214: require('plugins.startup')
038.290  000.307  000.307: require('plugins.telescope')
038.771  000.228  000.228: require('plugins.terminal')
038.969  000.182  000.182: require('plugins.treesitter')
039.183  000.194  000.194: require('plugins.which-key')
039.683  000.234  000.234: require('lazy.core.handler.keys')
040.142  000.228  000.228: require('lazy.core.handler.event')
040.151  000.459  000.231: require('lazy.core.handler.ft')
040.371  000.213  000.213: require('lazy.core.handler.cmd')
042.179  001.355  001.355: sourcing C:\Program Files\Neovim\share\nvim\runtime/filetype.lua
044.147  001.550  001.550: require('gruvbox')
046.013  001.154  001.154: require('onedark')
046.601  000.062  000.062: sourcing C:/Users/Kusha/AppData/Local/nvim-data/lazy/nightfox/plugin/nightfox.vim
048.935  000.154  000.154: require('nightfox.lib.collect')
049.181  000.233  000.233: require('nightfox.util')
049.235  000.624  000.236: require('nightfox.config')
049.242  002.304  001.680: require('nightfox')
049.446  000.199  000.199: require('nightfox.override')
049.807  000.198  000.198: require('nightfox.lib.hash')
054.590  000.300  000.300: require('vim.lsp.log')
055.078  000.479  000.479: require('vim.lsp.protocol')
055.575  000.214  000.214: require('vim.lsp._snippet')
055.758  000.175  000.175: require('vim.highlight')
055.801  000.035  000.035: require('vim.F')
055.824  000.738  000.314: require('vim.lsp.util')
055.843  001.756  000.239: require('vim.lsp.handlers')
056.183  000.336  000.336: require('vim.lsp.rpc')
056.460  000.270  000.270: require('vim.lsp.sync')
056.763  000.295  000.295: require('vim.lsp.semantic_tokens')
057.145  000.373  000.373: require('vim.lsp.buf')
057.403  000.250  000.250: require('vim.lsp.diagnostic')
057.641  000.231  000.231: require('vim.lsp.codelens')
057.835  004.051  000.541: require('vim.lsp')
057.984  004.367  000.316: sourcing C:/Users/Kusha/AppData/Local/nvim-data/lazy/nvim-lspconfig/plugin/lspconfig.lua
072.937  002.780  002.780: require('cmp.utils.api')
073.354  000.159  000.159: require('cmp.types.cmp')
073.910  000.385  000.385: require('cmp.utils.misc')
073.932  000.570  000.184: require('cmp.types.lsp')
074.138  000.201  000.201: require('cmp.types.vim')
074.145  001.197  000.267: require('cmp.types')
074.326  000.176  000.176: require('cmp.utils.highlight')
074.651  000.171  000.171: require('cmp.utils.debug')
074.665  000.332  000.161: require('cmp.utils.autocmd')
074.962  005.069  000.583: sourcing C:/Users/Kusha/AppData/Local/nvim-data/lazy/nvim-cmp/plugin/cmp.lua
079.469  001.664  001.664: require('vim.filetype')
084.101  000.152  000.152: require('luasnip.util.types')
084.115  000.327  000.175: require('luasnip.util.ext_opts')
084.693  000.181  000.181: require('luasnip.util.lazy_table')
084.886  000.186  000.186: require('luasnip.extras.filetype_functions')
084.905  000.572  000.204: require('luasnip.default_config')
084.910  000.791  000.219: require('luasnip.session')
084.914  005.052  003.934: require('luasnip.config')
085.384  000.215  000.215: require('luasnip.util.util')
085.732  000.143  000.143: require('luasnip.nodes.key_indexer')
085.744  000.352  000.210: require('luasnip.nodes.util')
086.166  000.190  000.190: require('luasnip.session.snippet_collection.source')
086.394  000.219  000.219: require('luasnip.util.table')
086.561  000.160  000.160: require('luasnip.util.auto_table')
086.576  000.828  000.259: require('luasnip.session.snippet_collection')
087.158  000.232  000.232: require('luasnip.util.select')
087.322  000.156  000.156: require('luasnip.util.time')
087.729  000.982  000.593: require('luasnip.util._builtin_vars')
088.370  000.632  000.632: require('vim.inspect')
088.444  001.863  000.250: require('luasnip.util.environ')
088.627  000.176  000.176: require('luasnip.util.extend_decorator')
089.319  000.363  000.363: require('luasnip.util.path')
090.007  000.489  000.489: require('luasnip.util.log')
090.022  000.695  000.206: require('luasnip.loaders.util')
090.229  000.202  000.202: require('luasnip.loaders.data')
090.545  000.309  000.309: require('luasnip.loaders.fs_watchers')
090.578  001.944  000.376: require('luasnip.loaders')
090.608  005.686  000.306: require('luasnip')
090.653  012.999  000.598: sourcing C:/Users/Kusha/AppData/Local/nvim-data/lazy/LuaSnip/plugin/luasnip.lua
090.977  000.053  000.053: sourcing C:/Users/Kusha/AppData/Local/nvim-data/lazy/LuaSnip/plugin/luasnip.vim
093.184  001.067  001.067: require('vim.diagnostic')
093.219  001.374  000.307: require('lsp-zero.setup')
093.226  001.557  000.183: sourcing C:/Users/Kusha/AppData/Local/nvim-data/lazy/lsp-zero.nvim/plugin/lsp-zero.lua
093.974  000.301  000.301: require('lsp-zero.cmp')
094.672  000.185  000.185: require('cmp.utils.char')
094.684  000.346  000.161: require('cmp.utils.str')
095.136  000.138  000.138: require('cmp.utils.buffer')
095.147  000.309  000.171: require('cmp.utils.keymap')
095.153  000.465  000.156: require('cmp.utils.feedkeys')
095.642  000.151  000.151: require('cmp.config.mapping')
095.788  000.140  000.140: require('cmp.utils.cache')
096.123  000.151  000.151: require('cmp.config.compare')
096.130  000.333  000.182: require('cmp.config.default')
096.144  000.826  000.202: require('cmp.config')
096.168  001.011  000.185: require('cmp.utils.async')
096.468  000.137  000.137: require('cmp.utils.pattern')
096.477  000.305  000.167: require('cmp.context')
097.014  000.182  000.182: require('cmp.matcher')
097.026  000.382  000.201: require('cmp.entry')
097.072  000.592  000.210: require('cmp.source')
097.673  000.218  000.218: require('cmp.utils.event')
098.155  000.140  000.140: require('cmp.utils.options')
098.165  000.320  000.180: require('cmp.utils.window')
098.170  000.488  000.168: require('cmp.view.docs_view')
098.348  000.174  000.174: require('cmp.view.custom_entries_view')
098.514  000.160  000.160: require('cmp.view.wildmenu_entries_view')
098.698  000.178  000.178: require('cmp.view.native_entries_view')
098.892  000.187  000.187: require('cmp.view.ghost_text_view')
098.955  001.871  000.466: require('cmp.view')
099.347  005.189  000.600: require('cmp.core')
099.792  000.310  000.310: require('cmp.config.sources')
099.968  000.167  000.167: require('cmp.config.window')
100.040  006.058  000.393: require('cmp')
101.419  000.330  000.330: require('lsp-zero.api')
101.445  008.073  001.384: require('lsp-zero')
101.712  000.263  000.263: require('lsp-zero.server')
102.468  000.459  000.459: require('lspconfig.util')
102.775  000.286  000.286: require('lspconfig.async')
102.784  001.051  000.306: require('lspconfig.configs')
103.129  000.158  000.158: require('cmp_nvim_lsp.source')
103.137  000.348  000.190: require('cmp_nvim_lsp')
103.647  000.212  000.212: require('lspconfig')
104.057  000.310  000.310: require('lspconfig.server_configurations.lua_ls')
119.433  000.244  000.244: require('lspconfig.manager')
119.624  000.175  000.175: require('lspconfig.server_configurations.tsserver')
134.571  000.269  000.269: require('lspconfig.server_configurations.jdtls')
149.252  000.176  000.176: require('mason-core.path')
149.700  000.250  000.250: require('mason-core.functional')
150.056  000.147  000.147: require('mason-core.functional.data')
150.067  000.318  000.171: require('mason-core.functional.function')
150.309  000.196  000.196: require('mason-core.functional.relation')
150.484  000.153  000.153: require('mason-core.functional.logic')
150.516  001.253  000.335: require('mason-core.platform')
150.692  000.171  000.171: require('mason.settings')
150.699  001.842  000.243: require('mason')
151.647  000.233  000.233: require('mason-core.functional.list')
151.829  000.167  000.167: require('mason-core.functional.string')
151.894  000.920  000.520: require('mason.api.command')
152.133  000.226  000.226: require('mason-registry.sources')
152.532  000.215  000.215: require('mason-core.log')
152.716  000.177  000.177: require('mason-lspconfig.settings')
152.726  000.577  000.185: require('mason-lspconfig')
153.047  000.145  000.145: require('mason-lspconfig.notify')
153.056  000.317  000.172: require('mason-lspconfig.lspconfig_hook')
153.421  000.152  000.152: require('mason-core.functional.table')
153.477  000.415  000.263: require('mason-lspconfig.mappings.server')
153.800  000.150  000.150: require('mason-core.EventEmitter')
154.009  000.203  000.203: require('mason-core.optional')
154.441  000.248  000.248: require('mason-core.async')
154.609  000.156  000.156: require('mason-core.async.uv')
154.623  000.607  000.203: require('mason-core.fs')
154.656  001.173  000.213: require('mason-registry')
154.852  000.191  000.191: require('mason-lspconfig.server_config_extensions')
155.048  000.187  000.187: require('lspconfig.server_configurations.omnisharp')
155.236  000.163  000.163: require('mason-lspconfig.ensure_installed')
155.639  000.195  000.195: require('mason-core.result')
156.330  000.286  000.286: require('mason-core.process')
172.002  015.665  015.665: require('mason-core.spawn')
172.017  016.178  000.227: require('mason-core.managers.powershell')
172.256  000.234  000.234: require('mason.version')
172.266  016.619  000.207: require('mason-core.fetch')
172.483  000.211  000.211: require('mason-core.providers')
173.204  000.311  000.311: require('mason-core.purl')
173.224  000.556  000.246: require('mason-core.package')
173.899  000.225  000.225: require('mason-core.installer.registry.expr')
173.917  000.457  000.233: require('mason-core.installer.registry.link')
174.971  000.223  000.223: require('mason-core.receipt')
174.999  000.487  000.264: require('mason-core.installer.context')
175.216  000.212  000.212: require('mason-core.async.control')
175.410  000.186  000.186: require('mason-core.installer.linker')
175.422  001.150  000.265: require('mason-core.installer')
175.447  001.361  000.210: require('mason-core.installer.managers.std')
175.452  001.529  000.169: require('mason-core.installer.registry.schemas')
175.648  000.193  000.193: require('mason-core.installer.registry.util')
175.666  002.438  000.259: require('mason-core.installer.registry')
175.674  003.184  000.190: require('mason-registry.sources.util')
175.705  020.456  000.246: require('mason-registry.sources.github')
181.893  000.291  000.291: require('mason-core.functional.number')
181.960  000.726  000.435: require('mason-lspconfig.api.command')
182.805  000.429  000.429: require('lspconfig.server_configurations.rust_analyzer')
189.054  000.185  000.185: require('lspconfig.server_configurations.html')
190.416  000.165  000.165: require('lspconfig.server_configurations.cssls')
191.589  000.191  000.191: require('lspconfig.server_configurations.eslint')
192.932  000.168  000.168: require('lspconfig.server_configurations.tailwindcss')
195.247  000.195  000.195: require('lspconfig.server_configurations.gopls')
199.352  000.157  000.157: require('luasnip.session.enqueueable_operations')
199.629  000.266  000.266: require('luasnip.util.jsonc')
200.517  000.139  000.139: require('luasnip.util.events')
200.531  000.368  000.230: require('luasnip.nodes.node')
200.730  000.194  000.194: require('luasnip.nodes.insertNode')
200.974  000.237  000.237: require('luasnip.nodes.textNode')
201.146  000.163  000.163: require('luasnip.util.mark')
201.387  000.214  000.214: require('luasnip.util.pattern_tokenizer')
201.546  000.152  000.152: require('luasnip.util.dict')
202.670  000.957  000.957: require('luasnip.util.jsregexp')
202.682  001.129  000.172: require('luasnip.nodes.util.trig_engines')
202.739  002.793  000.336: require('luasnip.nodes.snippet')
202.747  002.945  000.152: require('luasnip.nodes.duplicate')
202.751  003.102  000.157: require('luasnip.loaders.snippet_cache')
202.761  003.825  000.301: require('luasnip.loaders.from_vscode')
220.286  000.155  000.155: require('luasnip.util.parser.neovim_ast')
220.460  000.149  000.149: require('luasnip.util.str')
221.289  000.820  000.820: require('luasnip.util.jsregexp')
221.469  000.172  000.172: require('luasnip.util.directed_graph')
221.479  001.506  000.210: require('luasnip.util.parser.ast_utils')
221.686  000.202  000.202: require('luasnip.nodes.functionNode')
221.902  000.209  000.209: require('luasnip.nodes.choiceNode')
222.086  000.176  000.176: require('luasnip.nodes.dynamicNode')
222.269  000.175  000.175: require('luasnip.util.functions')
222.279  002.484  000.217: require('luasnip.util.parser.ast_parser')
222.466  000.183  000.183: require('luasnip.util.parser.neovim_parser')
222.476  002.915  000.248: require('luasnip.util.parser')
222.483  003.107  000.192: require('luasnip.nodes.snippetProxy')
222.639  000.152  000.152: require('luasnip.nodes.multiSnippet')
224.570  000.354  000.354: require('lsp-zero.cmp-mapping')
234.208  000.207  000.207: require('vim.treesitter.language')
234.227  000.403  000.196: require('vim.treesitter.query')
234.452  000.190  000.190: require('vim.treesitter._range')
234.467  000.828  000.236: require('vim.treesitter.languagetree')
234.476  001.037  000.209: require('vim.treesitter')
234.954  001.978  000.941: require('nvim-treesitter.parsers')
235.203  000.240  000.240: require('nvim-treesitter.utils')
235.214  002.418  000.199: require('nvim-treesitter.ts_utils')
235.889  000.195  000.195: require('nvim-treesitter.compat')
236.105  000.208  000.208: require('nvim-treesitter.tsrange')
236.280  000.169  000.169: require('nvim-treesitter.caching')
236.303  000.827  000.256: require('nvim-treesitter.query')
236.327  001.107  000.281: require('nvim-treesitter.configs')
236.518  000.186  000.186: require('nvim-ts-autotag._log')
236.696  000.172  000.172: require('nvim-ts-autotag.utils')
236.723  004.133  000.250: require('nvim-ts-autotag.internal')
236.728  007.163  003.030: require('nvim-ts-autotag')
237.422  000.248  000.248: require('nvim-treesitter.info')
237.641  000.211  000.211: require('nvim-treesitter.shell_command_selectors')
237.683  000.759  000.299: require('nvim-treesitter.install')
237.861  000.172  000.172: require('nvim-treesitter.statusline')
238.097  000.203  000.203: require('nvim-treesitter.query_predicates')
238.106  001.374  000.239: require('nvim-treesitter')
238.120  008.593  000.056: sourcing C:/Users/Kusha/AppData/Local/nvim-data/lazy/nvim-ts-autotag/plugin/nvim-ts-autotag.vim
239.436  000.894  000.894: sourcing C:/Users/Kusha/AppData/Local/nvim-data/lazy/nvim-treesitter/plugin/nvim-treesitter.lua
239.867  000.219  000.219: require('nvim-treesitter.indent')
240.191  000.209  000.209: require('nvim-treesitter.highlight')
243.273  000.094  000.094: sourcing C:/Users/Kusha/AppData/Local/nvim-data/lazy/plenary.nvim/plugin/plenary.vim
246.350  000.069  000.069: sourcing C:/Users/Kusha/AppData/Local/nvim-data/lazy/nvim-web-devicons/plugin/nvim-web-devicons.vim
250.111  000.071  000.071: sourcing C:/Users/Kusha/AppData/Local/nvim-data/lazy/neo-tree.nvim/plugin/neo-tree.vim
253.665  000.289  000.289: require('neo-tree.log')
253.874  000.200  000.200: require('neo-tree.utils.filesize.filesize')
253.904  000.822  000.333: require('neo-tree.utils')
253.910  003.689  002.867: require('neo-tree')
254.575  000.386  000.386: require('neo-tree.defaults')
254.791  000.207  000.207: require('neo-tree.setup.mapping-helper')
255.393  000.190  000.190: require('neo-tree.collections')
255.405  000.393  000.203: require('neo-tree.events.queue')
255.411  000.611  000.219: require('neo-tree.events')
256.099  000.221  000.221: require('plenary.bit')
256.289  000.182  000.182: require('plenary.functional')
256.316  000.700  000.297: require('plenary.path')
256.495  000.174  000.174: require('neo-tree.sources.filesystem.lib.globtopattern')
256.521  001.106  000.232: require('neo-tree.sources.common.file-nesting')
256.742  000.217  000.217: require('neo-tree.ui.highlights')
258.875  000.410  000.410: require('nui.object')
260.274  000.704  000.704: require('vim.version')
263.146  003.985  003.281: require('nui.utils')
263.166  004.280  000.295: require('nui.text')
263.175  005.611  000.920: require('nui.line')
264.005  000.241  000.241: require('nui.tree.util')
264.067  000.888  000.647: require('nui.tree')
264.509  000.161  000.161: require('nui.utils.buf_storage')
264.741  000.221  000.221: require('nui.utils.autocmd')
264.901  000.153  000.153: require('nui.utils.keymap')
265.225  000.165  000.165: require('nui.layout.utils')
265.234  000.326  000.161: require('nui.split.utils')
265.251  001.178  000.317: require('nui.split')
265.649  000.204  000.204: require('nui.popup.border')
265.667  000.411  000.207: require('nui.popup')
265.864  000.194  000.194: require('neo-tree.ui.popups')
266.017  000.145  000.145: require('neo-tree.ui.windows')
266.039  008.806  000.380: require('neo-tree.ui.renderer')
266.408  000.190  000.190: require('plenary.job')
266.419  000.375  000.185: require('neo-tree.sources.filesystem.lib.filter_external')
266.607  000.183  000.183: require('neo-tree.sources.common.file-items')
267.329  000.150  000.150: require('neo-tree.git.utils')
267.338  000.321  000.171: require('neo-tree.git.status')
267.497  000.155  000.155: require('neo-tree.git.ignored')
267.505  000.691  000.215: require('neo-tree.git')
267.511  000.897  000.206: require('neo-tree.sources.filesystem.lib.fs_watch')
268.538  000.143  000.143: require('plenary.tbl')
268.550  000.408  000.265: require('plenary.vararg.rotate')
268.555  000.589  000.181: require('plenary.vararg')
268.702  000.143  000.143: require('plenary.errors')
268.710  000.905  000.173: require('plenary.async.async')
269.311  000.146  000.146: require('plenary.async.structs')
269.323  000.311  000.165: require('plenary.async.control')
269.331  000.468  000.157: require('plenary.async.util')
269.338  000.623  000.154: require('plenary.async.tests')
269.342  001.824  000.296: require('plenary.async')
269.363  012.376  000.290: require('neo-tree.sources.filesystem.lib.fs_scan')
269.715  000.192  000.192: require('nui.input')
269.723  000.355  000.163: require('neo-tree.ui.inputs')
269.738  012.987  000.256: require('neo-tree.sources.manager')
270.233  000.157  000.157: require('neo-tree.command.parser')
270.390  000.148  000.148: require('neo-tree.command.completion')
270.398  000.500  000.194: require('neo-tree.command')
270.402  000.659  000.160: require('neo-tree.setup.netrw')
270.409  016.490  000.316: require('neo-tree.setup')
270.991  000.194  000.194: require('neo-tree.setup.deprecations')
273.222  000.244  000.244: require('neo-tree.sources.filesystem')
273.584  000.156  000.156: require('neo-tree.sources.buffers.lib.items')
273.594  000.361  000.204: require('neo-tree.sources.buffers')
273.926  000.147  000.147: require('neo-tree.sources.git_status.lib.items')
273.935  000.332  000.186: require('neo-tree.sources.git_status')
274.632  000.159  000.159: require('neo-tree.sources.common.container')
274.642  000.344  000.185: require('neo-tree.sources.common.components')
274.683  000.551  000.207: require('neo-tree.sources.filesystem.components')
275.975  000.705  000.705: require('plenary.scandir')
276.136  000.152  000.152: require('plenary')
276.147  001.081  000.224: require('neo-tree.sources.filesystem.lib.fs_actions')
276.418  000.265  000.265: require('neo-tree.sources.common.help')
276.613  000.188  000.188: require('neo-tree.sources.common.preview')
276.771  000.151  000.151: require('neo-tree.sources.common.node_expander')
276.786  001.918  000.233: require('neo-tree.sources.common.commands')
276.949  000.159  000.159: require('neo-tree.sources.filesystem.lib.filter')
276.998  002.309  000.232: require('neo-tree.sources.filesystem.commands')
277.312  000.163  000.163: require('neo-tree.sources.git_status.components')
277.690  000.370  000.370: require('neo-tree.sources.git_status.commands')
277.957  000.170  000.170: require('neo-tree.sources.buffers.components')
278.131  000.165  000.165: require('neo-tree.sources.buffers.commands')
286.115  000.401  000.401: sourcing C:/Users/Kusha/AppData/Local/nvim-data/lazy/telescope.nvim/plugin/telescope.lua
289.793  000.294  000.294: require('telescope._extensions')
289.803  003.615  003.321: require('telescope')
290.071  000.264  000.264: require('telescope.themes')
290.617  000.155  000.155: require('cmdline.state')
290.764  000.139  000.139: require('cmdline.utils')
290.771  000.452  000.157: require('cmdline')
291.065  000.143  000.143: require('cmdline.config')
292.012  000.153  000.153: require('plenary.strings')
292.275  000.255  000.255: require('telescope.deprecated')
293.885  000.241  000.241: require('plenary.log')
293.909  001.353  001.112: require('telescope.log')
294.456  000.251  000.251: require('telescope.state')
294.469  000.555  000.305: require('telescope.utils')
294.478  002.195  000.287: require('telescope.sorters')
296.060  004.601  001.998: require('telescope.config')
296.700  000.268  000.268: require('plenary.window.border')
297.312  000.587  000.587: require('plenary.window')
297.603  000.281  000.281: require('plenary.popup.utils')
297.625  001.556  000.420: require('plenary.popup')
298.248  000.604  000.604: require('telescope.pickers.scroller')
298.831  000.534  000.534: require('telescope.actions.state')
299.351  000.510  000.510: require('telescope.actions.utils')
300.268  000.365  000.365: require('telescope.actions.mt')
300.289  000.915  000.550: require('telescope.actions.set')
301.071  000.439  000.439: require('telescope.config.resolve')
301.080  000.786  000.347: require('telescope.pickers.entry_display')
301.409  000.324  000.324: require('telescope.from_entry')
301.816  010.744  000.915: require('telescope.actions')
301.828  011.053  000.165: require('cmdline.actions')
302.769  000.396  000.396: require('telescope.debounce')
303.095  000.317  000.317: require('telescope.mappings')
303.389  000.286  000.286: require('telescope.pickers.highlights')
303.675  000.278  000.278: require('telescope.pickers.window')
304.229  000.278  000.278: require('telescope.algos.linked_list')
304.240  000.556  000.278: require('telescope.entry_manager')
304.523  000.279  000.279: require('telescope.pickers.multi')
304.544  002.712  000.599: require('telescope.pickers')
305.239  000.417  000.417: require('telescope.make_entry')
305.534  000.287  000.287: require('telescope.finders.async_static_finder')
306.326  000.186  000.186: require('plenary.class')
306.381  000.551  000.365: require('telescope._')
306.387  000.844  000.293: require('telescope.finders.async_oneshot_finder')
306.729  000.319  000.319: require('telescope.finders.async_job_finder')
306.742  002.194  000.327: require('telescope.finders')
306.751  016.664  000.254: require('telescope._extensions.cmdline')
308.664  000.471  000.471: require('telescope.builtin')
309.270  000.094  000.094: sourcing C:/Users/Kusha/AppData/Local/nvim-data/lazy/nvim-colorizer.lua/plugin/colorizer.vim
312.799  000.255  000.255: require('colorizer/nvim')
313.128  000.321  000.321: require('colorizer/trie')
313.255  003.918  003.343: require('colorizer')
319.285  000.289  000.289: require('lualine_require')
320.021  004.769  004.479: require('lualine')
324.549  000.211  000.211: require('lualine.utils.mode')
337.931  003.314  003.314: require('lazyvim')
338.555  000.370  000.370: require('lazyvim.util')
338.577  000.635  000.265: require('lazyvim.config')
347.173  000.314  000.314: require('onedark')
349.260  000.236  000.236: require('onedark.palette')
349.359  000.620  000.384: require('onedark.colors')
349.557  000.188  000.188: require('onedark.util')
349.747  001.485  000.677: require('onedark.highlights')
353.811  000.251  000.251: require('onedark.terminal')
353.831  008.397  006.346: sourcing C:\Users\Kusha\AppData\Local\nvim-data\lazy\onedark\colors\onedark.lua
361.735  000.291  000.291: require('ibl.utils')
361.755  000.538  000.247: require('ibl.config')
361.941  000.181  000.181: require('ibl.indent')
361.952  004.351  003.631: require('ibl.hooks')
362.972  000.486  000.486: require('ibl.highlights')
363.250  000.269  000.269: require('ibl.autocmds')
363.741  000.484  000.484: require('ibl.inlay_hints')
364.214  000.417  000.417: require('ibl.virt_text')
365.600  001.096  001.096: require('ibl.scope_languages')
365.614  001.391  000.295: require('ibl.scope')
365.666  003.701  000.652: require('ibl')
371.755  000.645  000.645: require('toggleterm.lazy')
372.027  000.260  000.260: require('toggleterm.constants')
372.748  000.709  000.709: require('toggleterm.terminal')
372.766  006.177  004.564: require('toggleterm')
373.229  000.157  000.157: require('toggleterm.colors')
373.430  000.194  000.194: require('toggleterm.utils')
373.444  000.670  000.319: require('toggleterm.config')
375.403  000.291  000.291: require('toggleterm.commandline')
379.903  000.147  000.147: require('notify.util.queue')
379.913  000.352  000.205: require('notify.util')
380.528  000.610  000.610: require('notify.config.highlights')
380.539  001.179  000.217: require('notify.config')
380.929  000.180  000.180: require('notify.stages')
381.144  000.206  000.206: require('notify.service.notification')
381.695  000.144  000.144: require('notify.animate.spring')
381.702  000.327  000.183: require('notify.animate')
381.709  000.558  000.231: require('notify.windows')
382.252  000.174  000.174: require('notify.service.buffer.highlights')
382.262  000.378  000.203: require('notify.service.buffer')
382.267  000.554  000.176: require('notify.service')
382.425  000.155  000.155: require('notify.stages.util')
382.432  001.888  000.235: require('notify.instance')
382.441  006.664  003.597: require('notify')
382.697  000.152  000.152: require('notify.stages.slide')
400.993  006.358  006.358: require('telescope.previewers.previewer')
420.733  019.725  019.725: require('telescope.previewers.term_previewer')
437.983  005.651  005.651: require('plenary.context_manager')
438.004  011.858  006.208: require('telescope.previewers.utils')
457.807  019.796  019.796: require('plenary.filetype')
472.220  051.474  019.819: require('telescope.previewers.buffer_previewer')
472.236  083.720  006.162: require('telescope.previewers')
472.250  089.533  005.812: require('telescope._extensions.notify')
476.892  000.188  000.188: require('fidget.spinner.patterns')
476.902  000.339  000.151: require('fidget.spinner')
477.067  000.160  000.160: require('fidget.options')
477.078  000.669  000.170: require('fidget.progress.display')
477.399  000.162  000.162: require('fidget.logger')
477.409  000.326  000.164: require('fidget.progress.lsp')
478.066  000.162  000.162: require('fidget.poll')
478.092  000.342  000.179: require('fidget.notification.model')
478.264  000.166  000.166: require('fidget.notification.window')
478.483  000.210  000.210: require('fidget.notification.view')
478.507  000.948  000.230: require('fidget.notification')
478.514  001.101  000.153: require('fidget.progress.handle')
478.555  002.350  000.253: require('fidget.progress')
478.950  000.389  000.389: require('fidget.commands')
479.336  000.170  000.170: require('fidget.integration.nvim-tree')
479.359  000.397  000.227: require('fidget.integration')
479.373  006.788  003.652: require('fidget')
488.504  000.153  000.153: require('barbar.animate')
489.029  000.142  000.142: require('barbar.utils.table')
489.178  000.140  000.140: require('barbar.utils')
489.189  000.469  000.186: require('barbar.config')
489.341  000.148  000.148: require('barbar.utils.list')
489.811  000.137  000.137: require('barbar.fs')
489.849  000.345  000.208: require('barbar.buffer')
489.869  000.522  000.177: require('barbar.state')
489.876  001.361  000.222: require('barbar.bbye')
490.030  000.150  000.150: require('barbar.jump_mode')
490.492  000.149  000.149: require('barbar.utils.highlight')
491.102  000.369  000.369: require('nvim-web-devicons.icons-default')
491.176  000.675  000.306: require('nvim-web-devicons')
491.182  000.995  000.171: require('barbar.icons')
491.188  001.151  000.157: require('barbar.ui.layout')
491.523  000.149  000.149: require('barbar.ui.nodes')
491.536  000.344  000.196: require('barbar.ui.render')
491.550  003.375  000.215: require('barbar.api')
491.987  000.270  000.270: require('barbar.highlight')
491.998  000.444  000.174: require('barbar.events')
492.003  007.570  003.752: require('barbar')
497.281  013.021  005.451: sourcing C:/Users/Kusha/AppData/Local/nvim-data/lazy/barbar.nvim/plugin/barbar.lua
503.422  000.204  000.204: require('startup.log')
503.625  000.191  000.191: require('startup.themes.dashboard')
503.817  000.183  000.183: require('startup.utils')
503.827  004.637  004.058: require('startup')
503.979  000.148  000.148: require('startup.themes.empty')
504.693  000.169  000.169: sourcing C:\Program Files\Neovim\share\nvim\runtime/plugin/editorconfig.lua
505.346  000.409  000.409: sourcing C:\Program Files\Neovim\share\nvim\runtime/plugin/gzip.vim
505.618  000.033  000.033: sourcing C:\Program Files\Neovim\share\nvim\runtime/plugin/health.vim
506.037  000.190  000.190: sourcing C:\Program Files\Neovim\share\nvim\runtime/plugin/man.lua
511.365  000.423  000.423: sourcing C:\Program Files\Neovim\share\nvim\runtime\pack\dist\opt\matchit\plugin\matchit.vim
511.695  005.404  004.981: sourcing C:\Program Files\Neovim\share\nvim\runtime/plugin/matchit.vim
512.196  000.248  000.248: sourcing C:\Program Files\Neovim\share\nvim\runtime/plugin/matchparen.vim
513.168  000.701  000.701: sourcing C:\Program Files\Neovim\share\nvim\runtime/plugin/netrwPlugin.vim
513.906  000.392  000.392: sourcing C:\Program Files\Neovim\share\nvim\runtime/plugin/nvim.lua
514.910  000.606  000.606: sourcing C:\Program Files\Neovim\share\nvim\runtime/plugin/rplugin.vim
515.307  000.131  000.131: sourcing C:\Program Files\Neovim\share\nvim\runtime/plugin/shada.vim
515.624  000.056  000.056: sourcing C:\Program Files\Neovim\share\nvim\runtime/plugin/spellfile.vim
516.089  000.212  000.212: sourcing C:\Program Files\Neovim\share\nvim\runtime/plugin/tarPlugin.vim
516.533  000.163  000.163: sourcing C:\Program Files\Neovim\share\nvim\runtime/plugin/tohtml.vim
516.885  000.050  000.050: sourcing C:\Program Files\Neovim\share\nvim\runtime/plugin/tutor.vim
517.393  000.258  000.258: sourcing C:\Program Files\Neovim\share\nvim\runtime/plugin/zipPlugin.vim
518.167  000.216  000.216: sourcing C:\Users\Kusha\AppData\Local\nvim-data\lazy\indent-blankline.nvim\after/plugin/commands.lua
518.955  000.166  000.166: require('cmp_nvim_lua')
518.993  000.363  000.197: sourcing C:\Users\Kusha\AppData\Local\nvim-data\lazy\cmp-nvim-lua\after/plugin/cmp_nvim_lua.lua
519.496  000.160  000.160: sourcing C:\Users\Kusha\AppData\Local\nvim-data\lazy\cmp-nvim-lsp\after/plugin/cmp_nvim_lsp.lua
520.676  000.142  000.142: require('cmp_buffer.timer')
520.686  000.308  000.166: require('cmp_buffer.buffer')
520.691  000.467  000.159: require('cmp_buffer.source')
520.695  000.645  000.178: require('cmp_buffer')
520.715  000.805  000.160: sourcing C:\Users\Kusha\AppData\Local\nvim-data\lazy\cmp-buffer\after/plugin/cmp_buffer.lua
521.367  000.171  000.171: require('cmp_path')
521.388  000.346  000.175: sourcing C:\Users\Kusha\AppData\Local\nvim-data\lazy\cmp-path\after/plugin/cmp_path.lua
522.022  000.156  000.156: require('cmp_luasnip')
522.066  000.347  000.191: sourcing C:\Users\Kusha\AppData\Local\nvim-data\lazy\cmp_luasnip\after/plugin/cmp_luasnip.lua
522.164  492.010  181.057: sourcing C:\Users\Kusha\AppData\Local\nvim\init.lua
522.227  002.557: sourcing vimrc file(s)
527.935  000.178  000.178: sourcing C:\Program Files\Neovim\share\nvim\runtime\filetype.lua
529.922  000.137  000.137: sourcing C:\Program Files\Neovim\share\nvim\runtime\syntax\synload.vim
530.755  002.224  002.088: sourcing C:\Program Files\Neovim\share\nvim\runtime\syntax\syntax.vim
530.809  006.180: inits 3
535.347  004.538: reading ShaDa
535.707  000.256  000.256: require('luasnip.loaders.from_lua')
535.898  000.180  000.180: require('luasnip.loaders.from_snipmate')
536.572  000.789: opening buffers
537.485  000.912: BufEnter autocommands
537.491  000.007: editing files in windows
557.503  000.192  000.192: require('startup.headers')
557.835  000.149  000.149: require('startup.quotes')
557.843  000.329  000.180: require('startup.functions')
560.492  022.481: VimEnter autocommands
560.596  000.104: UIEnter autocommands
562.059  001.463: before starting main loop
563.022  000.963: first screen update
563.028  000.006: --- NVIM STARTED ---


times in msec
 clock   self+sourced   self:  sourced script
 clock   elapsed:              other lines

000.032  000.032: --- NVIM STARTING ---
000.100  000.068: event init
000.258  000.158: early init
021.740  021.482: locale set
021.870  000.130: init first window
022.695  000.825: inits 1
022.975  000.281: window checked
023.003  000.028: parsing arguments
024.308  000.314  000.314: require('vim.shared')
025.026  000.268  000.268: require('vim._meta')
025.061  000.725  000.457: require('vim._editor')
025.082  001.202  000.163: require('vim._init_packages')
025.114  000.909: init lua interpreter
028.792  003.678: expanding arguments
028.850  000.058: inits 2
029.533  000.684: init highlight
